[INFO  - 2014-05-11T12:55:08.552Z] GhostDriver - Main - running on port 4562
[INFO  - 2014-05-11T12:55:09.785Z] Session [7be61230-d90b-11e3-8065-255fd116cbe4] - CONSTRUCTOR - Desired Capabilities: {"platform":"ANY","javascriptEnabled":true,"browserName":"phantomjs","takesScreenshot":true,"version":""}
[INFO  - 2014-05-11T12:55:09.785Z] Session [7be61230-d90b-11e3-8065-255fd116cbe4] - CONSTRUCTOR - Negotiated Capabilities: {"browserName":"phantomjs","version":"1.9.1","driverName":"ghostdriver","driverVersion":"1.0.3","platform":"windows-7-32bit","javascriptEnabled":true,"takesScreenshot":true,"handlesAlerts":false,"databaseEnabled":false,"locationContextEnabled":false,"applicationCacheEnabled":false,"browserConnectionEnabled":false,"cssSelectorsEnabled":true,"webStorageEnabled":false,"rotatable":false,"acceptSslCerts":false,"nativeEvents":true,"proxy":{"proxyType":"direct"}}
[INFO  - 2014-05-11T12:55:09.786Z] SessionManagerReqHand - _postNewSessionCommand - New Session Created: 7be61230-d90b-11e3-8065-255fd116cbe4
[INFO  - 2014-05-11T12:56:24.362Z] ShutdownReqHand - _handle - About to shutdown
[INFO  - 2014-05-11T12:56:47.715Z] GhostDriver - Main - running on port 44233
[INFO  - 2014-05-11T12:56:48.062Z] Session [b67a41a0-d90b-11e3-ada7-f75c0479a1f0] - CONSTRUCTOR - Desired Capabilities: {"platform":"ANY","javascriptEnabled":true,"browserName":"phantomjs","takesScreenshot":true,"version":""}
[INFO  - 2014-05-11T12:56:48.063Z] Session [b67a41a0-d90b-11e3-ada7-f75c0479a1f0] - CONSTRUCTOR - Negotiated Capabilities: {"browserName":"phantomjs","version":"1.9.1","driverName":"ghostdriver","driverVersion":"1.0.3","platform":"windows-7-32bit","javascriptEnabled":true,"takesScreenshot":true,"handlesAlerts":false,"databaseEnabled":false,"locationContextEnabled":false,"applicationCacheEnabled":false,"browserConnectionEnabled":false,"cssSelectorsEnabled":true,"webStorageEnabled":false,"rotatable":false,"acceptSslCerts":false,"nativeEvents":true,"proxy":{"proxyType":"direct"}}
[INFO  - 2014-05-11T12:56:48.063Z] SessionManagerReqHand - _postNewSessionCommand - New Session Created: b67a41a0-d90b-11e3-ada7-f75c0479a1f0
[INFO  - 2014-05-11T12:58:08.508Z] ShutdownReqHand - _handle - About to shutdown
[INFO  - 2014-05-11T13:02:29.605Z] GhostDriver - Main - running on port 26865
[INFO  - 2014-05-11T13:02:30.055Z] Session [82523f30-d90c-11e3-af0d-b7648f1ab1e7] - CONSTRUCTOR - Desired Capabilities: {"platform":"ANY","javascriptEnabled":true,"browserName":"phantomjs","takesScreenshot":true,"version":""}
[INFO  - 2014-05-11T13:02:30.055Z] Session [82523f30-d90c-11e3-af0d-b7648f1ab1e7] - CONSTRUCTOR - Negotiated Capabilities: {"browserName":"phantomjs","version":"1.9.1","driverName":"ghostdriver","driverVersion":"1.0.3","platform":"windows-7-32bit","javascriptEnabled":true,"takesScreenshot":true,"handlesAlerts":false,"databaseEnabled":false,"locationContextEnabled":false,"applicationCacheEnabled":false,"browserConnectionEnabled":false,"cssSelectorsEnabled":true,"webStorageEnabled":false,"rotatable":false,"acceptSslCerts":false,"nativeEvents":true,"proxy":{"proxyType":"direct"}}
[INFO  - 2014-05-11T13:02:30.055Z] SessionManagerReqHand - _postNewSessionCommand - New Session Created: 82523f30-d90c-11e3-af0d-b7648f1ab1e7
[INFO  - 2014-05-11T13:02:53.082Z] ShutdownReqHand - _handle - About to shutdown
[INFO  - 2014-05-11T13:14:48.452Z] GhostDriver - Main - running on port 15501
[INFO  - 2014-05-11T13:14:49.430Z] Session [3b05eb20-d90e-11e3-8be5-85d0bd769354] - CONSTRUCTOR - Desired Capabilities: {"platform":"ANY","javascriptEnabled":true,"browserName":"phantomjs","takesScreenshot":true,"version":""}
[INFO  - 2014-05-11T13:14:49.431Z] Session [3b05eb20-d90e-11e3-8be5-85d0bd769354] - CONSTRUCTOR - Negotiated Capabilities: {"browserName":"phantomjs","version":"1.9.1","driverName":"ghostdriver","driverVersion":"1.0.3","platform":"windows-7-32bit","javascriptEnabled":true,"takesScreenshot":true,"handlesAlerts":false,"databaseEnabled":false,"locationContextEnabled":false,"applicationCacheEnabled":false,"browserConnectionEnabled":false,"cssSelectorsEnabled":true,"webStorageEnabled":false,"rotatable":false,"acceptSslCerts":false,"nativeEvents":true,"proxy":{"proxyType":"direct"}}
[INFO  - 2014-05-11T13:14:49.431Z] SessionManagerReqHand - _postNewSessionCommand - New Session Created: 3b05eb20-d90e-11e3-8be5-85d0bd769354
[INFO  - 2014-05-11T13:16:03.634Z] ShutdownReqHand - _handle - About to shutdown
[INFO  - 2014-05-11T13:18:05.507Z] GhostDriver - Main - running on port 32530
[INFO  - 2014-05-11T13:18:05.935Z] Session [b02633b0-d90e-11e3-bf0f-1da1675c3dcb] - CONSTRUCTOR - Desired Capabilities: {"platform":"ANY","javascriptEnabled":true,"browserName":"phantomjs","takesScreenshot":true,"version":""}
[INFO  - 2014-05-11T13:18:05.935Z] Session [b02633b0-d90e-11e3-bf0f-1da1675c3dcb] - CONSTRUCTOR - Negotiated Capabilities: {"browserName":"phantomjs","version":"1.9.1","driverName":"ghostdriver","driverVersion":"1.0.3","platform":"windows-7-32bit","javascriptEnabled":true,"takesScreenshot":true,"handlesAlerts":false,"databaseEnabled":false,"locationContextEnabled":false,"applicationCacheEnabled":false,"browserConnectionEnabled":false,"cssSelectorsEnabled":true,"webStorageEnabled":false,"rotatable":false,"acceptSslCerts":false,"nativeEvents":true,"proxy":{"proxyType":"direct"}}
[INFO  - 2014-05-11T13:18:05.935Z] SessionManagerReqHand - _postNewSessionCommand - New Session Created: b02633b0-d90e-11e3-bf0f-1da1675c3dcb
[INFO  - 2014-05-11T13:18:46.686Z] ShutdownReqHand - _handle - About to shutdown
[INFO  - 2014-05-11T19:34:34.019Z] GhostDriver - Main - running on port 17097
[INFO  - 2014-05-11T19:34:34.735Z] Session [481f8bb0-d943-11e3-8852-1365225d454b] - CONSTRUCTOR - Desired Capabilities: {"platform":"ANY","javascriptEnabled":true,"browserName":"phantomjs","takesScreenshot":true,"version":""}
[INFO  - 2014-05-11T19:34:34.735Z] Session [481f8bb0-d943-11e3-8852-1365225d454b] - CONSTRUCTOR - Negotiated Capabilities: {"browserName":"phantomjs","version":"1.9.1","driverName":"ghostdriver","driverVersion":"1.0.3","platform":"windows-7-32bit","javascriptEnabled":true,"takesScreenshot":true,"handlesAlerts":false,"databaseEnabled":false,"locationContextEnabled":false,"applicationCacheEnabled":false,"browserConnectionEnabled":false,"cssSelectorsEnabled":true,"webStorageEnabled":false,"rotatable":false,"acceptSslCerts":false,"nativeEvents":true,"proxy":{"proxyType":"direct"}}
[INFO  - 2014-05-11T19:34:34.735Z] SessionManagerReqHand - _postNewSessionCommand - New Session Created: 481f8bb0-d943-11e3-8852-1365225d454b
[INFO  - 2014-05-11T19:34:58.183Z] ShutdownReqHand - _handle - About to shutdown
[INFO  - 2014-05-11T19:38:03.529Z] GhostDriver - Main - running on port 25182
[INFO  - 2014-05-11T19:38:03.921Z] Session [c4cecbd0-d943-11e3-9726-1930627f877f] - CONSTRUCTOR - Desired Capabilities: {"platform":"ANY","javascriptEnabled":true,"browserName":"phantomjs","takesScreenshot":true,"version":""}
[INFO  - 2014-05-11T19:38:03.921Z] Session [c4cecbd0-d943-11e3-9726-1930627f877f] - CONSTRUCTOR - Negotiated Capabilities: {"browserName":"phantomjs","version":"1.9.1","driverName":"ghostdriver","driverVersion":"1.0.3","platform":"windows-7-32bit","javascriptEnabled":true,"takesScreenshot":true,"handlesAlerts":false,"databaseEnabled":false,"locationContextEnabled":false,"applicationCacheEnabled":false,"browserConnectionEnabled":false,"cssSelectorsEnabled":true,"webStorageEnabled":false,"rotatable":false,"acceptSslCerts":false,"nativeEvents":true,"proxy":{"proxyType":"direct"}}
[INFO  - 2014-05-11T19:38:03.921Z] SessionManagerReqHand - _postNewSessionCommand - New Session Created: c4cecbd0-d943-11e3-9726-1930627f877f
[INFO  - 2014-05-11T19:38:46.361Z] ShutdownReqHand - _handle - About to shutdown
[INFO  - 2014-05-11T20:10:11.933Z] GhostDriver - Main - running on port 39173
[INFO  - 2014-05-11T20:10:12.243Z] Session [422d61f0-d948-11e3-8c9e-59328027825a] - CONSTRUCTOR - Desired Capabilities: {"platform":"ANY","javascriptEnabled":true,"browserName":"phantomjs","takesScreenshot":true,"version":""}
[INFO  - 2014-05-11T20:10:12.243Z] Session [422d61f0-d948-11e3-8c9e-59328027825a] - CONSTRUCTOR - Negotiated Capabilities: {"browserName":"phantomjs","version":"1.9.1","driverName":"ghostdriver","driverVersion":"1.0.3","platform":"windows-7-32bit","javascriptEnabled":true,"takesScreenshot":true,"handlesAlerts":false,"databaseEnabled":false,"locationContextEnabled":false,"applicationCacheEnabled":false,"browserConnectionEnabled":false,"cssSelectorsEnabled":true,"webStorageEnabled":false,"rotatable":false,"acceptSslCerts":false,"nativeEvents":true,"proxy":{"proxyType":"direct"}}
[INFO  - 2014-05-11T20:10:12.243Z] SessionManagerReqHand - _postNewSessionCommand - New Session Created: 422d61f0-d948-11e3-8c9e-59328027825a
[INFO  - 2014-05-11T20:10:46.371Z] ShutdownReqHand - _handle - About to shutdown
[INFO  - 2014-05-11T20:12:46.472Z] GhostDriver - Main - running on port 13344
[INFO  - 2014-05-11T20:12:46.857Z] Session [9e559b50-d948-11e3-b12e-ad5f843518b8] - CONSTRUCTOR - Desired Capabilities: {"platform":"ANY","javascriptEnabled":true,"browserName":"phantomjs","takesScreenshot":true,"version":""}
[INFO  - 2014-05-11T20:12:46.857Z] Session [9e559b50-d948-11e3-b12e-ad5f843518b8] - CONSTRUCTOR - Negotiated Capabilities: {"browserName":"phantomjs","version":"1.9.1","driverName":"ghostdriver","driverVersion":"1.0.3","platform":"windows-7-32bit","javascriptEnabled":true,"takesScreenshot":true,"handlesAlerts":false,"databaseEnabled":false,"locationContextEnabled":false,"applicationCacheEnabled":false,"browserConnectionEnabled":false,"cssSelectorsEnabled":true,"webStorageEnabled":false,"rotatable":false,"acceptSslCerts":false,"nativeEvents":true,"proxy":{"proxyType":"direct"}}
[INFO  - 2014-05-11T20:12:46.857Z] SessionManagerReqHand - _postNewSessionCommand - New Session Created: 9e559b50-d948-11e3-b12e-ad5f843518b8
[INFO  - 2014-05-11T20:12:56.234Z] ShutdownReqHand - _handle - About to shutdown
[INFO  - 2014-05-12T11:52:20.115Z] GhostDriver - Main - running on port 33530
[INFO  - 2014-05-12T11:52:20.312Z] Session [df883140-d9cb-11e3-89ec-ff9d1f2d49b4] - CONSTRUCTOR - Desired Capabilities: {"platform":"ANY","javascriptEnabled":true,"browserName":"phantomjs","takesScreenshot":true,"version":""}
[INFO  - 2014-05-12T11:52:20.312Z] Session [df883140-d9cb-11e3-89ec-ff9d1f2d49b4] - CONSTRUCTOR - Negotiated Capabilities: {"browserName":"phantomjs","version":"1.9.1","driverName":"ghostdriver","driverVersion":"1.0.3","platform":"windows-7-32bit","javascriptEnabled":true,"takesScreenshot":true,"handlesAlerts":false,"databaseEnabled":false,"locationContextEnabled":false,"applicationCacheEnabled":false,"browserConnectionEnabled":false,"cssSelectorsEnabled":true,"webStorageEnabled":false,"rotatable":false,"acceptSslCerts":false,"nativeEvents":true,"proxy":{"proxyType":"direct"}}
[INFO  - 2014-05-12T11:52:20.312Z] SessionManagerReqHand - _postNewSessionCommand - New Session Created: df883140-d9cb-11e3-89ec-ff9d1f2d49b4
[INFO  - 2014-05-12T11:52:53.586Z] ShutdownReqHand - _handle - About to shutdown
[INFO  - 2014-05-12T13:37:27.175Z] GhostDriver - Main - running on port 15244
[INFO  - 2014-05-12T13:37:27.645Z] Session [8efed490-d9da-11e3-ac7a-97f8d31ecb81] - CONSTRUCTOR - Desired Capabilities: {"platform":"ANY","javascriptEnabled":true,"browserName":"phantomjs","takesScreenshot":true,"version":""}
[INFO  - 2014-05-12T13:37:27.645Z] Session [8efed490-d9da-11e3-ac7a-97f8d31ecb81] - CONSTRUCTOR - Negotiated Capabilities: {"browserName":"phantomjs","version":"1.9.1","driverName":"ghostdriver","driverVersion":"1.0.3","platform":"windows-7-32bit","javascriptEnabled":true,"takesScreenshot":true,"handlesAlerts":false,"databaseEnabled":false,"locationContextEnabled":false,"applicationCacheEnabled":false,"browserConnectionEnabled":false,"cssSelectorsEnabled":true,"webStorageEnabled":false,"rotatable":false,"acceptSslCerts":false,"nativeEvents":true,"proxy":{"proxyType":"direct"}}
[INFO  - 2014-05-12T13:37:27.645Z] SessionManagerReqHand - _postNewSessionCommand - New Session Created: 8efed490-d9da-11e3-ac7a-97f8d31ecb81
[INFO  - 2014-05-12T13:37:47.174Z] ShutdownReqHand - _handle - About to shutdown
[INFO  - 2014-05-12T17:31:43.846Z] GhostDriver - Main - running on port 40781
[INFO  - 2014-05-12T17:31:44.183Z] Session [49585030-d9fb-11e3-b0ff-ed74547e702e] - CONSTRUCTOR - Desired Capabilities: {"platform":"ANY","javascriptEnabled":true,"browserName":"phantomjs","takesScreenshot":true,"version":""}
[INFO  - 2014-05-12T17:31:44.183Z] Session [49585030-d9fb-11e3-b0ff-ed74547e702e] - CONSTRUCTOR - Negotiated Capabilities: {"browserName":"phantomjs","version":"1.9.1","driverName":"ghostdriver","driverVersion":"1.0.3","platform":"windows-7-32bit","javascriptEnabled":true,"takesScreenshot":true,"handlesAlerts":false,"databaseEnabled":false,"locationContextEnabled":false,"applicationCacheEnabled":false,"browserConnectionEnabled":false,"cssSelectorsEnabled":true,"webStorageEnabled":false,"rotatable":false,"acceptSslCerts":false,"nativeEvents":true,"proxy":{"proxyType":"direct"}}
[INFO  - 2014-05-12T17:31:44.183Z] SessionManagerReqHand - _postNewSessionCommand - New Session Created: 49585030-d9fb-11e3-b0ff-ed74547e702e
[INFO  - 2014-05-12T17:32:05.614Z] ShutdownReqHand - _handle - About to shutdown
[INFO  - 2014-05-12T17:32:33.861Z] GhostDriver - Main - running on port 31185
[INFO  - 2014-05-12T17:32:34.309Z] Session [6738ef10-d9fb-11e3-8489-237298c3684b] - CONSTRUCTOR - Desired Capabilities: {"platform":"ANY","javascriptEnabled":true,"browserName":"phantomjs","takesScreenshot":true,"version":""}
[INFO  - 2014-05-12T17:32:34.309Z] Session [6738ef10-d9fb-11e3-8489-237298c3684b] - CONSTRUCTOR - Negotiated Capabilities: {"browserName":"phantomjs","version":"1.9.1","driverName":"ghostdriver","driverVersion":"1.0.3","platform":"windows-7-32bit","javascriptEnabled":true,"takesScreenshot":true,"handlesAlerts":false,"databaseEnabled":false,"locationContextEnabled":false,"applicationCacheEnabled":false,"browserConnectionEnabled":false,"cssSelectorsEnabled":true,"webStorageEnabled":false,"rotatable":false,"acceptSslCerts":false,"nativeEvents":true,"proxy":{"proxyType":"direct"}}
[INFO  - 2014-05-12T17:32:34.310Z] SessionManagerReqHand - _postNewSessionCommand - New Session Created: 6738ef10-d9fb-11e3-8489-237298c3684b
[INFO  - 2014-05-12T17:32:56.920Z] ShutdownReqHand - _handle - About to shutdown
[INFO  - 2014-05-12T17:33:20.804Z] GhostDriver - Main - running on port 24775
[INFO  - 2014-05-12T17:33:21.312Z] Session [833cdeb0-d9fb-11e3-ba01-27b74d6fcd0c] - CONSTRUCTOR - Desired Capabilities: {"platform":"ANY","javascriptEnabled":true,"browserName":"phantomjs","takesScreenshot":true,"version":""}
[INFO  - 2014-05-12T17:33:21.312Z] Session [833cdeb0-d9fb-11e3-ba01-27b74d6fcd0c] - CONSTRUCTOR - Negotiated Capabilities: {"browserName":"phantomjs","version":"1.9.1","driverName":"ghostdriver","driverVersion":"1.0.3","platform":"windows-7-32bit","javascriptEnabled":true,"takesScreenshot":true,"handlesAlerts":false,"databaseEnabled":false,"locationContextEnabled":false,"applicationCacheEnabled":false,"browserConnectionEnabled":false,"cssSelectorsEnabled":true,"webStorageEnabled":false,"rotatable":false,"acceptSslCerts":false,"nativeEvents":true,"proxy":{"proxyType":"direct"}}
[INFO  - 2014-05-12T17:33:21.312Z] SessionManagerReqHand - _postNewSessionCommand - New Session Created: 833cdeb0-d9fb-11e3-ba01-27b74d6fcd0c
[INFO  - 2014-05-12T17:34:22.283Z] ShutdownReqHand - _handle - About to shutdown
[INFO  - 2014-05-12T17:34:38.100Z] GhostDriver - Main - running on port 47804
[INFO  - 2014-05-12T17:34:38.500Z] Session [b13efa00-d9fb-11e3-b3b9-635cefe0f4c4] - CONSTRUCTOR - Desired Capabilities: {"platform":"ANY","javascriptEnabled":true,"browserName":"phantomjs","takesScreenshot":true,"version":""}
[INFO  - 2014-05-12T17:34:38.500Z] Session [b13efa00-d9fb-11e3-b3b9-635cefe0f4c4] - CONSTRUCTOR - Negotiated Capabilities: {"browserName":"phantomjs","version":"1.9.1","driverName":"ghostdriver","driverVersion":"1.0.3","platform":"windows-7-32bit","javascriptEnabled":true,"takesScreenshot":true,"handlesAlerts":false,"databaseEnabled":false,"locationContextEnabled":false,"applicationCacheEnabled":false,"browserConnectionEnabled":false,"cssSelectorsEnabled":true,"webStorageEnabled":false,"rotatable":false,"acceptSslCerts":false,"nativeEvents":true,"proxy":{"proxyType":"direct"}}
[INFO  - 2014-05-12T17:34:38.500Z] SessionManagerReqHand - _postNewSessionCommand - New Session Created: b13efa00-d9fb-11e3-b3b9-635cefe0f4c4
[INFO  - 2014-05-12T17:35:26.936Z] ShutdownReqHand - _handle - About to shutdown
[INFO  - 2014-05-12T17:46:23.058Z] GhostDriver - Main - running on port 18361
[INFO  - 2014-05-12T17:46:23.488Z] Session [55739bc0-d9fd-11e3-935b-e1740839a740] - CONSTRUCTOR - Desired Capabilities: {"platform":"ANY","javascriptEnabled":true,"browserName":"phantomjs","takesScreenshot":true,"version":""}
[INFO  - 2014-05-12T17:46:23.488Z] Session [55739bc0-d9fd-11e3-935b-e1740839a740] - CONSTRUCTOR - Negotiated Capabilities: {"browserName":"phantomjs","version":"1.9.1","driverName":"ghostdriver","driverVersion":"1.0.3","platform":"windows-7-32bit","javascriptEnabled":true,"takesScreenshot":true,"handlesAlerts":false,"databaseEnabled":false,"locationContextEnabled":false,"applicationCacheEnabled":false,"browserConnectionEnabled":false,"cssSelectorsEnabled":true,"webStorageEnabled":false,"rotatable":false,"acceptSslCerts":false,"nativeEvents":true,"proxy":{"proxyType":"direct"}}
[INFO  - 2014-05-12T17:46:23.489Z] SessionManagerReqHand - _postNewSessionCommand - New Session Created: 55739bc0-d9fd-11e3-935b-e1740839a740
[INFO  - 2014-05-12T17:47:18.518Z] ShutdownReqHand - _handle - About to shutdown
[INFO  - 2014-05-12T17:50:07.615Z] GhostDriver - Main - running on port 34208
[INFO  - 2014-05-12T17:50:08.061Z] Session [db4e6c70-d9fd-11e3-a51e-85b6025f6576] - CONSTRUCTOR - Desired Capabilities: {"platform":"ANY","javascriptEnabled":true,"browserName":"phantomjs","takesScreenshot":true,"version":""}
[INFO  - 2014-05-12T17:50:08.061Z] Session [db4e6c70-d9fd-11e3-a51e-85b6025f6576] - CONSTRUCTOR - Negotiated Capabilities: {"browserName":"phantomjs","version":"1.9.1","driverName":"ghostdriver","driverVersion":"1.0.3","platform":"windows-7-32bit","javascriptEnabled":true,"takesScreenshot":true,"handlesAlerts":false,"databaseEnabled":false,"locationContextEnabled":false,"applicationCacheEnabled":false,"browserConnectionEnabled":false,"cssSelectorsEnabled":true,"webStorageEnabled":false,"rotatable":false,"acceptSslCerts":false,"nativeEvents":true,"proxy":{"proxyType":"direct"}}
[INFO  - 2014-05-12T17:50:08.061Z] SessionManagerReqHand - _postNewSessionCommand - New Session Created: db4e6c70-d9fd-11e3-a51e-85b6025f6576
[INFO  - 2014-05-12T17:50:44.620Z] ShutdownReqHand - _handle - About to shutdown
[INFO  - 2014-05-12T17:51:01.443Z] GhostDriver - Main - running on port 29779
[INFO  - 2014-05-12T17:51:01.933Z] Session [fb6aca80-d9fd-11e3-ba9a-618de3324f80] - CONSTRUCTOR - Desired Capabilities: {"platform":"ANY","javascriptEnabled":true,"browserName":"phantomjs","takesScreenshot":true,"version":""}
[INFO  - 2014-05-12T17:51:01.933Z] Session [fb6aca80-d9fd-11e3-ba9a-618de3324f80] - CONSTRUCTOR - Negotiated Capabilities: {"browserName":"phantomjs","version":"1.9.1","driverName":"ghostdriver","driverVersion":"1.0.3","platform":"windows-7-32bit","javascriptEnabled":true,"takesScreenshot":true,"handlesAlerts":false,"databaseEnabled":false,"locationContextEnabled":false,"applicationCacheEnabled":false,"browserConnectionEnabled":false,"cssSelectorsEnabled":true,"webStorageEnabled":false,"rotatable":false,"acceptSslCerts":false,"nativeEvents":true,"proxy":{"proxyType":"direct"}}
[INFO  - 2014-05-12T17:51:01.933Z] SessionManagerReqHand - _postNewSessionCommand - New Session Created: fb6aca80-d9fd-11e3-ba9a-618de3324f80
[INFO  - 2014-05-12T17:51:20.040Z] ShutdownReqHand - _handle - About to shutdown
